
> edibio-app@0.1.0 build
> next build

Γû▓ Next.js 16.1.6 (Turbopack)

  Creating an optimized production build ...
Γ£ô Compiled successfully in 5.3s
  Skipping validation of types
  Collecting page data using 7 workers ...
  Generating static pages using 7 workers (0/28) ...
  Generating static pages using 7 workers (7/28) 
node.exe : Error occurred prerendering page 
"/company/school". Read more: 
https://nextjs.org/docs/messages/prerender-error
At line:1 char:1
+ & "C:\Program Files\nodejs/node.exe" "C:\Program 
Files\nodejs/node_mo ...
+ ~~~~~~~~~~~~~~~~~~~~~~~~~~~~~~~~~~~~~~~~~~~~~~~~~~~
~~~~~~~~~~~~~~~~~~
    + CategoryInfo          : NotSpecified: (Error o 
   ccurred ...prerender-error:String) [], RemoteExc  
  eption
    + FullyQualifiedErrorId : NativeCommandError
 
ReferenceError: FileText is not defined
    at l (D:\edibio-app\.next\server\chunks\ssr\_69ef
fcf5._.js:1:9990) {
  digest: '238299346'
}
Export encountered an error on /company/school/page: 
/company/school, exiting the build.
Γ¿» Next.js build worker exited with code: 1 and 
signal: null
